<?xml version="1.0" encoding="UTF-8"?>
<!-- Generated by org.testng.reporters.JUnitXMLReporter -->
<testsuite ignored="0" hostname="DESKTOP-FFQQAKU" failures="0" tests="4" name="Surefire test" time="10.319" errors="0" timestamp="2022-07-04T15:26:54 ICT">
  <testcase classname="simpleTest" name="Test01_createProject" time="1.025"/>
  <testcase classname="simpleTest" name="Test02_getProject" time="0.886"/>
  <testcase classname="simpleTest" name="Test03_updateProject" time="1.724"/>
  <testcase classname="simpleTest" name="Test04_getAllProjects" time="0.638"/>
</testsuite> <!-- Surefire test -->
