<?xml version="1.0" encoding="UTF-8"?>
<!-- Generated by org.testng.reporters.JUnitXMLReporter -->
<testsuite ignored="0" hostname="DESKTOP-FFQQAKU" failures="0" tests="4" name="Surefire test" time="11.933" errors="0" timestamp="2022-07-04T16:59:34 ICT">
  <testcase classname="simpleTest" name="Test01_createProject" time="8.439"/>
  <testcase classname="simpleTest" name="Test02_getProject" time="0.67"/>
  <testcase classname="simpleTest" name="Test03_updateProject" time="1.843"/>
  <testcase classname="simpleTest" name="Test04_getAllProjects" time="0.539"/>
</testsuite> <!-- Surefire test -->
