<?xml version="1.0" encoding="UTF-8"?>
<testng-results ignored="0" total="4" passed="4" failed="0" skipped="0">
  <reporter-output>
  </reporter-output>
  <suite started-at="2022-07-04T15:26:44 ICT" name="Surefire suite" finished-at="2022-07-04T15:26:54 ICT" duration-ms="10319">
    <groups>
    </groups>
    <test started-at="2022-07-04T15:26:44 ICT" name="Surefire test" finished-at="2022-07-04T15:26:54 ICT" duration-ms="10319">
      <class name="simpleTest">
        <test-method is-config="true" signature="beforeTest()[pri:0, instance:simpleTest@622fdb81]" started-at="2022-07-04T15:26:44 ICT" name="beforeTest" finished-at="2022-07-04T15:26:49 ICT" duration-ms="5793" status="PASS">
          <reporter-output>
          </reporter-output>
        </test-method> <!-- beforeTest -->
        <test-method signature="Test01_createProject()[pri:0, instance:simpleTest@622fdb81]" started-at="2022-07-04T15:26:50 ICT" name="Test01_createProject" description="Create project" finished-at="2022-07-04T15:26:51 ICT" duration-ms="1025" status="PASS">
          <reporter-output>
          </reporter-output>
        </test-method> <!-- Test01_createProject -->
        <test-method signature="Test02_getProject()[pri:0, instance:simpleTest@622fdb81]" started-at="2022-07-04T15:26:51 ICT" name="Test02_getProject" description="Get a project" finished-at="2022-07-04T15:26:52 ICT" duration-ms="886" status="PASS">
          <reporter-output>
          </reporter-output>
        </test-method> <!-- Test02_getProject -->
        <test-method signature="Test03_updateProject()[pri:0, instance:simpleTest@622fdb81]" started-at="2022-07-04T15:26:52 ICT" name="Test03_updateProject" description="Update project" finished-at="2022-07-04T15:26:53 ICT" duration-ms="1724" status="PASS">
          <reporter-output>
          </reporter-output>
        </test-method> <!-- Test03_updateProject -->
        <test-method signature="Test04_getAllProjects()[pri:0, instance:simpleTest@622fdb81]" started-at="2022-07-04T15:26:53 ICT" name="Test04_getAllProjects" description="Get all project" finished-at="2022-07-04T15:26:54 ICT" duration-ms="638" status="PASS">
          <reporter-output>
          </reporter-output>
        </test-method> <!-- Test04_getAllProjects -->
        <test-method is-config="true" signature="afterTest()[pri:0, instance:simpleTest@622fdb81]" started-at="2022-07-04T15:26:54 ICT" name="afterTest" finished-at="2022-07-04T15:26:54 ICT" duration-ms="2" status="PASS">
          <reporter-output>
          </reporter-output>
        </test-method> <!-- afterTest -->
      </class> <!-- simpleTest -->
    </test> <!-- Surefire test -->
  </suite> <!-- Surefire suite -->
</testng-results>
